TN:
SF:/Users/kard/Desktop/react-form-engine/packages/@kard/react-form-engine/src/FormComponent.jsx
FN:21,asField
FN:21,(anonymous_10)
FN:30,_FormComponent
FN:21,_init
FN:21,_getInitialValue
FN:21,_setFieldState
FN:21,_getFieldState
FN:21,_checkFormContext
FN:21,_prepareState
FN:21,_setFieldValue
FN:21,_getFieldValue
FN:21,_invalidate
FN:21,_setFocused
FN:21,_getCleanProps
FN:21,render
FN:183,onChange
FN:184,onFocus
FN:185,onBlur
FN:27,onValidate
FN:198,asInputField
FN:198,(anonymous_29)
FN:198,render
FN:204,onChange
FN:213,asCheckboxField
FN:213,(anonymous_34)
FN:213,render
FN:221,onClick
FN:222,onKeyPress
FN:231,asRadioButtonField
FN:231,(anonymous_40)
FN:231,render
FN:239,onClick
FNF:32
FNH:0
FNDA:0,asField
FNDA:0,(anonymous_10)
FNDA:0,_FormComponent
FNDA:0,_init
FNDA:0,_getInitialValue
FNDA:0,_setFieldState
FNDA:0,_getFieldState
FNDA:0,_checkFormContext
FNDA:0,_prepareState
FNDA:0,_setFieldValue
FNDA:0,_getFieldValue
FNDA:0,_invalidate
FNDA:0,_setFocused
FNDA:0,_getCleanProps
FNDA:0,render
FNDA:0,onChange
FNDA:0,onFocus
FNDA:0,onBlur
FNDA:0,onValidate
FNDA:0,asInputField
FNDA:0,(anonymous_29)
FNDA:0,render
FNDA:0,onChange
FNDA:0,asCheckboxField
FNDA:0,(anonymous_34)
FNDA:0,render
FNDA:0,onClick
FNDA:0,onKeyPress
FNDA:0,asRadioButtonField
FNDA:0,(anonymous_40)
FNDA:0,render
FNDA:0,onClick
DA:1,0
DA:2,0
DA:3,0
DA:4,0
DA:10,0
DA:21,0
DA:22,0
DA:27,0
DA:30,0
DA:32,0
DA:33,0
DA:34,0
DA:35,0
DA:36,0
DA:37,0
DA:38,0
DA:39,0
DA:40,0
DA:41,0
DA:42,0
DA:43,0
DA:47,0
DA:59,0
DA:60,0
DA:61,0
DA:62,0
DA:69,0
DA:70,0
DA:71,0
DA:72,0
DA:73,0
DA:74,0
DA:81,0
DA:82,0
DA:83,0
DA:84,0
DA:85,0
DA:94,0
DA:95,0
DA:96,0
DA:101,0
DA:102,0
DA:111,0
DA:112,0
DA:113,0
DA:114,0
DA:122,0
DA:123,0
DA:131,0
DA:145,0
DA:146,0
DA:147,0
DA:148,0
DA:149,0
DA:157,0
DA:158,0
DA:159,0
DA:166,0
DA:173,0
DA:174,0
DA:177,0
DA:178,0
DA:179,0
DA:183,0
DA:184,0
DA:185,0
DA:193,0
DA:198,0
DA:201,0
DA:202,0
DA:204,0
DA:210,0
DA:213,0
DA:216,0
DA:217,0
DA:221,0
DA:222,0
DA:228,0
DA:231,0
DA:234,0
DA:235,0
DA:239,0
DA:245,0
LF:83
LH:0
BRDA:21,0,0,0
BRDA:21,0,1,0
BRDA:21,1,0,0
BRDA:21,1,1,0
BRDA:30,2,0,0
BRDA:30,2,1,0
BRDA:60,3,0,0
BRDA:60,3,1,0
BRDA:62,4,0,0
BRDA:62,4,1,0
BRDA:70,5,0,0
BRDA:70,5,1,0
BRDA:73,6,0,0
BRDA:73,6,1,0
BRDA:82,7,0,0
BRDA:82,7,1,0
BRDA:85,8,0,0
BRDA:85,8,1,0
BRDA:94,9,0,0
BRDA:94,9,1,0
BRDA:95,10,0,0
BRDA:95,10,1,0
BRDA:122,11,0,0
BRDA:122,11,1,0
BRDA:145,12,0,0
BRDA:145,12,1,0
BRDA:145,13,0,0
BRDA:145,13,1,0
BRDA:147,14,0,0
BRDA:147,14,1,0
BRDA:147,15,0,0
BRDA:147,15,1,0
BRDA:158,16,0,0
BRDA:158,16,1,0
BRDA:182,17,0,0
BRDA:182,17,1,0
BRDA:198,18,0,0
BRDA:198,18,1,0
BRDA:213,19,0,0
BRDA:213,19,1,0
BRDA:231,20,0,0
BRDA:231,20,1,0
BRF:42
BRH:0
end_of_record
TN:
SF:/Users/kard/Desktop/react-form-engine/packages/@kard/react-form-engine/src/FormProvider.jsx
FN:14,(anonymous_12)
FN:23,(anonymous_14)
FN:33,(anonymous_16)
FN:46,setFieldState
FN:46,(anonymous_19)
FN:52,(anonymous_20)
FN:58,getFieldState
FN:60,getFieldInitialValue
FN:66,getFormState
FN:68,getFormValue
FN:70,getFieldsState
FN:72,resetForm
FN:89,withFormContext
FN:89,(anonymous_28)
FN:89,render
FN:95,(anonymous_31)
FNF:16
FNH:0
FNDA:0,(anonymous_12)
FNDA:0,(anonymous_14)
FNDA:0,(anonymous_16)
FNDA:0,setFieldState
FNDA:0,(anonymous_19)
FNDA:0,(anonymous_20)
FNDA:0,getFieldState
FNDA:0,getFieldInitialValue
FNDA:0,getFormState
FNDA:0,getFormValue
FNDA:0,getFieldsState
FNDA:0,resetForm
FNDA:0,withFormContext
FNDA:0,(anonymous_28)
FNDA:0,render
FNDA:0,(anonymous_31)
DA:1,0
DA:3,0
DA:12,0
DA:13,0
DA:14,0
DA:15,0
DA:17,0
DA:21,0
DA:22,0
DA:23,0
DA:24,0
DA:25,0
DA:26,0
DA:28,0
DA:32,0
DA:33,0
DA:41,0
DA:42,0
DA:46,0
DA:53,0
DA:54,0
DA:55,0
DA:58,0
DA:60,0
DA:66,0
DA:68,0
DA:70,0
DA:72,0
DA:75,0
DA:89,0
DA:92,0
DA:93,0
DA:95,0
LF:33
LH:0
BRDA:24,0,0,0
BRDA:24,0,1,0
BRDA:25,1,0,0
BRDA:25,1,1,0
BRDA:26,2,0,0
BRDA:26,2,1,0
BRDA:54,3,0,0
BRDA:54,3,1,0
BRDA:55,4,0,0
BRDA:55,4,1,0
BRDA:60,5,0,0
BRDA:60,5,1,0
BRDA:89,6,0,0
BRDA:89,6,1,0
BRF:14
BRH:0
end_of_record
TN:
SF:/Users/kard/Desktop/react-form-engine/packages/@kard/react-form-engine/src/utils/arraysEqual.js
FN:2,(anonymous_0)
FN:2,(anonymous_1)
FNF:2
FNH:2
FNDA:6,(anonymous_0)
FNDA:14,(anonymous_1)
DA:2,14
LF:1
LH:1
BRDA:2,0,0,6
BRDA:2,0,1,4
BRF:2
BRH:2
end_of_record
TN:
SF:/Users/kard/Desktop/react-form-engine/packages/@kard/react-form-engine/src/utils/combineArraysUnique.js
FN:9,(anonymous_0)
FN:12,(anonymous_1)
FNF:2
FNH:2
FNDA:4,(anonymous_0)
FNDA:20,(anonymous_1)
DA:9,2
DA:10,4
DA:12,20
DA:15,4
DA:18,4
DA:20,4
LF:6
LH:6
BRDA:9,0,0,2
BRDA:9,1,0,2
BRDA:12,2,0,10
BRDA:12,2,1,10
BRF:4
BRH:4
end_of_record
TN:
SF:/Users/kard/Desktop/react-form-engine/packages/@kard/react-form-engine/src/utils/objectWithoutProps.js
FN:8,objectWithoutProps
FNF:1
FNH:1
FNDA:2,objectWithoutProps
DA:9,2
DA:10,2
DA:11,6
DA:12,2
DA:14,2
LF:5
LH:5
BRDA:11,0,0,4
BRDA:11,0,1,2
BRF:2
BRH:2
end_of_record
TN:
SF:/Users/kard/Desktop/react-form-engine/packages/@kard/react-form-engine/src/utils/objectsEqual.js
FN:9,objectsEqual
FN:32,(anonymous_1)
FN:33,(anonymous_2)
FNF:3
FNH:3
FNDA:232,objectsEqual
FNDA:138,(anonymous_1)
FNDA:132,(anonymous_2)
DA:10,232
DA:13,220
DA:16,210
DA:19,202
DA:20,196
DA:21,108
DA:24,102
DA:27,100
DA:28,84
DA:31,82
DA:32,138
DA:33,132
LF:12
LH:12
BRDA:10,0,0,12
BRDA:10,0,1,220
BRDA:10,1,0,232
BRDA:10,1,1,226
BRDA:10,1,2,226
BRDA:10,1,3,222
BRDA:13,2,0,10
BRDA:13,2,1,210
BRDA:16,3,0,8
BRDA:16,3,1,202
BRDA:19,4,0,6
BRDA:19,4,1,196
BRDA:20,5,0,88
BRDA:20,5,1,108
BRDA:20,6,0,196
BRDA:20,6,1,112
BRDA:21,7,0,6
BRDA:21,7,1,102
BRDA:21,8,0,108
BRDA:21,8,1,24
BRDA:24,9,0,2
BRDA:24,9,1,100
BRDA:27,10,0,16
BRDA:27,10,1,84
BRDA:28,11,0,2
BRDA:28,11,1,82
BRDA:32,12,0,82
BRDA:32,12,1,82
BRF:28
BRH:28
end_of_record
